<?xml version="1.0" encoding="UTF-8"?>
<!-- Generated by org.testng.reporters.JUnitReportReporter -->
<testsuite skipped="0" hostname="G5-PC" name="testcases.Verify_Connetbuttons" tests="3" failures="0" timestamp="11 Apr 2018 11:46:05 GMT" time="205.078" errors="0">
  <testcase name="facebookconnect" time="70.619" classname="testcases.Verify_Connetbuttons"/>
  <testcase name="Twittterconnect" time="54.423" classname="testcases.Verify_Connetbuttons"/>
  <testcase name="Instagramconnect" time="80.036" classname="testcases.Verify_Connetbuttons"/>
</testsuite> <!-- testcases.Verify_Connetbuttons -->
