<?xml version="1.0" encoding="UTF-8"?>
<!-- Generated by org.testng.reporters.JUnitReportReporter -->
<testsuite skipped="0" hostname="G5-PC" name="testcases.VerifySharing_Actions" tests="4" failures="0" timestamp="11 Apr 2018 12:07:28 GMT" time="181.465" errors="0">
  <testcase name="widgetclick" time="10.100" classname="testcases.VerifySharing_Actions"/>
  <testcase name="facebooksharing" time="64.770" classname="testcases.VerifySharing_Actions"/>
  <testcase name="Twittersharing" time="60.486" classname="testcases.VerifySharing_Actions"/>
  <testcase name="Emailsharing" time="46.109" classname="testcases.VerifySharing_Actions"/>
</testsuite> <!-- testcases.VerifySharing_Actions -->
