<?xml version="1.0" encoding="UTF-8"?>
<!-- Generated by org.testng.reporters.JUnitReportReporter -->
<testsuite skipped="0" hostname="G5-PC" name="testcases.Verify_BitlyExecution" tests="3" failures="0" timestamp="11 Apr 2018 12:18:57 GMT" time="164.152" errors="0">
  <testcase name="FacebookBitlyExecution" time="63.510" classname="testcases.Verify_BitlyExecution"/>
  <testcase name="TwitterBitlyexecution" time="64.106" classname="testcases.Verify_BitlyExecution"/>
  <testcase name="emailBitlyexecution" time="36.536" classname="testcases.Verify_BitlyExecution"/>
</testsuite> <!-- testcases.Verify_BitlyExecution -->
