<?xml version="1.0" encoding="UTF-8"?>
<!-- Generated by org.testng.reporters.JUnitReportReporter -->
<testsuite skipped="0" hostname="G5-PC" name="testcases.Verify_Social_Login" tests="6" failures="0" timestamp="11 Apr 2018 11:31:56 GMT" time="93.516" errors="0">
  <testcase name="Closesubpopup" time="15.158" classname="testcases.Verify_Social_Login"/>
  <testcase name="loginlink" time="5.093" classname="testcases.Verify_Social_Login"/>
  <testcase name="FBlogin" time="22.453" classname="testcases.Verify_Social_Login"/>
  <testcase name="Managereward_Tabs" time="24.913" classname="testcases.Verify_Social_Login"/>
  <testcase name="Earnpoint_Tabs" time="15.490" classname="testcases.Verify_Social_Login"/>
  <testcase name="Activity_Tabs" time="10.409" classname="testcases.Verify_Social_Login"/>
</testsuite> <!-- testcases.Verify_Social_Login -->
